# JRE version: OpenJDK Runtime Environment (17.0.2+8) (build 17.0.2+8-86)
# Java VM: OpenJDK 64-Bit Server VM (17.0.2+8-86, mixed mode, sharing, tiered, compressed oops, compressed class ptrs, g1 gc, windows-amd64)
GC Precious Log:
 CPUs: 8 total, 8 available
 Memory: 6029M
 Large Page Support: Disabled
 NUMA Support: Disabled
 Compressed Oops: Enabled (32-bit)
 Heap Region Size: 1M
 Heap Min Capacity: 8M
 Heap Initial Capacity: 96M
 Heap Max Capacity: 1508M
 Pre-touch: Disabled
 Parallel Workers: 8
 Concurrent Workers: 2
 Concurrent Refinement Workers: 8
 Periodic GC: Disabled
Heap:
 garbage-first heap   total 204800K, used 39793K [0x00000000a1c00000, 0x0000000100000000)
  region size 1024K, 2 young (2048K), 1 survivors (1024K)
 Metaspace       used 28166K, committed 28480K, reserved 1081344K
  class space    used 3262K, committed 3392K, reserved 1048576K
GC Heap History (18 events):
Event: 1.054 GC heap before
{Heap before GC invocations=0 (full 0):
 garbage-first heap   total 98304K, used 23552K [0x00000000a1c00000, 0x0000000100000000)
  region size 1024K, 23 young (23552K), 0 survivors (0K)
 Metaspace       used 5402K, committed 5568K, reserved 1056768K
  class space    used 649K, committed 768K, reserved 1048576K
}
Event: 1.063 GC heap after
{Heap after GC invocations=1 (full 0):
 garbage-first heap   total 98304K, used 3672K [0x00000000a1c00000, 0x0000000100000000)
  region size 1024K, 3 young (3072K), 3 survivors (3072K)
 Metaspace       used 5402K, committed 5568K, reserved 1056768K
  class space    used 649K, committed 768K, reserved 1048576K
}
Event: 1.910 GC heap before
{Heap before GC invocations=1 (full 0):
 garbage-first heap   total 98304K, used 34392K [0x00000000a1c00000, 0x0000000100000000)
  region size 1024K, 33 young (33792K), 3 survivors (3072K)
 Metaspace       used 9389K, committed 9600K, reserved 1064960K
  class space    used 1134K, committed 1216K, reserved 1048576K
}
Event: 1.919 GC heap after
{Heap after GC invocations=2 (full 0):
 garbage-first heap   total 98304K, used 5403K [0x00000000a1c00000, 0x0000000100000000)
  region size 1024K, 2 young (2048K), 2 survivors (2048K)
 Metaspace       used 9389K, committed 9600K, reserved 1064960K
  class space    used 1134K, committed 1216K, reserved 1048576K
}
Event: 3.711 GC heap before
{Heap before GC invocations=2 (full 0):
 garbage-first heap   total 98304K, used 61723K [0x00000000a1c00000, 0x0000000100000000)
  region size 1024K, 57 young (58368K), 2 survivors (2048K)
 Metaspace       used 15070K, committed 15296K, reserved 1064960K
  class space    used 1812K, committed 1920K, reserved 1048576K
}
Event: 3.732 GC heap after
{Heap after GC invocations=3 (full 0):
 garbage-first heap   total 98304K, used 12023K [0x00000000a1c00000, 0x0000000100000000)
  region size 1024K, 8 young (8192K), 8 survivors (8192K)
 Metaspace       used 15070K, committed 15296K, reserved 1064960K
  class space    used 1812K, committed 1920K, reserved 1048576K
}
Event: 5.204 GC heap before
{Heap before GC invocations=3 (full 0):
 garbage-first heap   total 98304K, used 62199K [0x00000000a1c00000, 0x0000000100000000)
  region size 1024K, 57 young (58368K), 8 survivors (8192K)
 Metaspace       used 15895K, committed 16128K, reserved 1064960K
  class space    used 1853K, committed 1920K, reserved 1048576K
}
Event: 5.229 GC heap after
{Heap after GC invocations=4 (full 0):
 garbage-first heap   total 98304K, used 15022K [0x00000000a1c00000, 0x0000000100000000)
  region size 1024K, 3 young (3072K), 3 survivors (3072K)
 Metaspace       used 15895K, committed 16128K, reserved 1064960K
  class space    used 1853K, committed 1920K, reserved 1048576K
}
Event: 7.069 GC heap before
{Heap before GC invocations=4 (full 0):
 garbage-first heap   total 98304K, used 65198K [0x00000000a1c00000, 0x0000000100000000)
  region size 1024K, 48 young (49152K), 3 survivors (3072K)
 Metaspace       used 21132K, committed 21504K, reserved 1073152K
  class space    used 2505K, committed 2688K, reserved 1048576K
}
Event: 7.084 GC heap after
{Heap after GC invocations=5 (full 0):
 garbage-first heap   total 98304K, used 23552K [0x00000000a1c00000, 0x0000000100000000)
  region size 1024K, 7 young (7168K), 7 survivors (7168K)
 Metaspace       used 21132K, committed 21504K, reserved 1073152K
  class space    used 2505K, committed 2688K, reserved 1048576K
}
Event: 8.966 GC heap before
{Heap before GC invocations=6 (full 0):
 garbage-first heap   total 81920K, used 65536K [0x00000000a1c00000, 0x0000000100000000)
  region size 1024K, 48 young (49152K), 7 survivors (7168K)
 Metaspace       used 25827K, committed 26176K, reserved 1073152K
  class space    used 3025K, committed 3200K, reserved 1048576K
}
Event: 8.999 GC heap after
{Heap after GC invocations=7 (full 0):
 garbage-first heap   total 86016K, used 36192K [0x00000000a1c00000, 0x0000000100000000)
  region size 1024K, 6 young (6144K), 6 survivors (6144K)
 Metaspace       used 25827K, committed 26176K, reserved 1073152K
  class space    used 3025K, committed 3200K, reserved 1048576K
}
Event: 9.006 GC heap before
{Heap before GC invocations=7 (full 0):
 garbage-first heap   total 86016K, used 37216K [0x00000000a1c00000, 0x0000000100000000)
  region size 1024K, 7 young (7168K), 6 survivors (6144K)
 Metaspace       used 25828K, committed 26176K, reserved 1073152K
  class space    used 3025K, committed 3200K, reserved 1048576K
}
Event: 9.021 GC heap after
{Heap after GC invocations=8 (full 0):
 garbage-first heap   total 86016K, used 37888K [0x00000000a1c00000, 0x0000000100000000)
  region size 1024K, 1 young (1024K), 1 survivors (1024K)
 Metaspace       used 25828K, committed 26176K, reserved 1073152K
  class space    used 3025K, committed 3200K, reserved 1048576K
}
Event: 9.967 GC heap before
{Heap before GC invocations=8 (full 0):
 garbage-first heap   total 86016K, used 62464K [0x00000000a1c00000, 0x0000000100000000)
  region size 1024K, 26 young (26624K), 1 survivors (1024K)
 Metaspace       used 27216K, committed 27584K, reserved 1081344K
  class space    used 3162K, committed 3328K, reserved 1048576K
}
Event: 10.678 GC heap after
{Heap after GC invocations=9 (full 0):
 garbage-first heap   total 204800K, used 39392K [0x00000000a1c00000, 0x0000000100000000)
  region size 1024K, 3 young (3072K), 3 survivors (3072K)
 Metaspace       used 27216K, committed 27584K, reserved 1081344K
  class space    used 3162K, committed 3328K, reserved 1048576K
}
Event: 10.837 GC heap before
{Heap before GC invocations=9 (full 0):
 garbage-first heap   total 204800K, used 45536K [0x00000000a1c00000, 0x0000000100000000)
  region size 1024K, 10 young (10240K), 3 survivors (3072K)
 Metaspace       used 27584K, committed 27968K, reserved 1081344K
  class space    used 3201K, committed 3392K, reserved 1048576K
}
Event: 10.840 GC heap after
{Heap after GC invocations=10 (full 0):
 garbage-first heap   total 204800K, used 39787K [0x00000000a1c00000, 0x0000000100000000)
  region size 1024K, 1 young (1024K), 1 survivors (1024K)
 Metaspace       used 27584K, committed 27968K, reserved 1081344K
  class space    used 3201K, committed 3392K, reserved 1048576K
}

